C:\USERS\BATMAN_2\DOCUMENTS\VISUAL STUDIO 2012\PROJECTS\GDX\GDX\DEBUG\TEST.OBJ
C:\USERS\BATMAN_2\DOCUMENTS\VISUAL STUDIO 2012\PROJECTS\GDX\GDX\DEBUG\VC110.PDB
C:\USERS\BATMAN_2\DOCUMENTS\VISUAL STUDIO 2012\PROJECTS\GDX\GDX\DEBUG\CAMERA.OBJ
C:\USERS\BATMAN_2\DOCUMENTS\VISUAL STUDIO 2012\PROJECTS\GDX\GDX\DEBUG\COMPONENT.OBJ
C:\USERS\BATMAN_2\DOCUMENTS\VISUAL STUDIO 2012\PROJECTS\GDX\GDX\DEBUG\GAMEOBJECT.OBJ
C:\USERS\BATMAN_2\DOCUMENTS\VISUAL STUDIO 2012\PROJECTS\GDX\GDX\DEBUG\MAIN.OBJ
C:\USERS\BATMAN_2\DOCUMENTS\VISUAL STUDIO 2012\PROJECTS\GDX\GDX\DEBUG\MATERIAL.OBJ
C:\USERS\BATMAN_2\DOCUMENTS\VISUAL STUDIO 2012\PROJECTS\GDX\GDX\DEBUG\MATH3D.OBJ
C:\USERS\BATMAN_2\DOCUMENTS\VISUAL STUDIO 2012\PROJECTS\GDX\GDX\DEBUG\MESH.OBJ
C:\USERS\BATMAN_2\DOCUMENTS\VISUAL STUDIO 2012\PROJECTS\GDX\GDX\DEBUG\SHADER.OBJ
C:\USERS\BATMAN_2\DOCUMENTS\VISUAL STUDIO 2012\PROJECTS\GDX\GDX\DEBUG\TEXTURE.OBJ
C:\USERS\BATMAN_2\DOCUMENTS\VISUAL STUDIO 2012\PROJECTS\GDX\GDX\DEBUG\TRANSFORM.OBJ
C:\USERS\BATMAN_2\DOCUMENTS\VISUAL STUDIO 2012\PROJECTS\GDX\GDX\DEBUG\RENDERER.OBJ
C:\USERS\BATMAN_2\DOCUMENTS\VISUAL STUDIO 2012\PROJECTS\GDX\GDX\DEBUG\TIMING.OBJ
C:\USERS\BATMAN_2\DOCUMENTS\VISUAL STUDIO 2012\PROJECTS\GDX\GDX\DEBUG\DISPLAY.OBJ
C:\USERS\BATMAN_2\DOCUMENTS\VISUAL STUDIO 2012\PROJECTS\GDX\GDX\DEBUG\ENGINE.OBJ
C:\USERS\BATMAN_2\DOCUMENTS\VISUAL STUDIO 2012\PROJECTS\GDX\GDX\DEBUG\INPUT.OBJ
C:\USERS\BATMAN_2\DOCUMENTS\VISUAL STUDIO 2012\PROJECTS\GDX\GDX\DEBUG\MYGAME.OBJ
C:\USERS\BATMAN_2\DOCUMENTS\VISUAL STUDIO 2012\PROJECTS\GDX\GDX\DEBUG\STB_IMAGE.OBJ
C:\USERS\BATMAN_2\DOCUMENTS\VISUAL STUDIO 2012\PROJECTS\GDX\DEBUG\GDX.ILK
C:\USERS\BATMAN_2\DOCUMENTS\VISUAL STUDIO 2012\PROJECTS\GDX\DEBUG\GDX.EXE
C:\USERS\BATMAN_2\DOCUMENTS\VISUAL STUDIO 2012\PROJECTS\GDX\DEBUG\GDX.PDB
C:\Users\batman_2\documents\visual studio 2012\Projects\GDX\GDX\Debug\camera.obj
C:\Users\batman_2\documents\visual studio 2012\Projects\GDX\GDX\Debug\component.obj
C:\Users\batman_2\documents\visual studio 2012\Projects\GDX\GDX\Debug\display.obj
C:\Users\batman_2\documents\visual studio 2012\Projects\GDX\GDX\Debug\engine.obj
C:\Users\batman_2\documents\visual studio 2012\Projects\GDX\GDX\Debug\gameObject.obj
C:\Users\batman_2\documents\visual studio 2012\Projects\GDX\GDX\Debug\input.obj
C:\Users\batman_2\documents\visual studio 2012\Projects\GDX\GDX\Debug\main.obj
C:\Users\batman_2\documents\visual studio 2012\Projects\GDX\GDX\Debug\material.obj
C:\Users\batman_2\documents\visual studio 2012\Projects\GDX\GDX\Debug\math3d.obj
C:\Users\batman_2\documents\visual studio 2012\Projects\GDX\GDX\Debug\mesh.obj
C:\Users\batman_2\documents\visual studio 2012\Projects\GDX\GDX\Debug\myGame.obj
C:\Users\batman_2\documents\visual studio 2012\Projects\GDX\GDX\Debug\renderer.obj
C:\Users\batman_2\documents\visual studio 2012\Projects\GDX\GDX\Debug\shader.obj
C:\Users\batman_2\documents\visual studio 2012\Projects\GDX\GDX\Debug\stb_image.obj
C:\Users\batman_2\documents\visual studio 2012\Projects\GDX\GDX\Debug\test.obj
C:\Users\batman_2\documents\visual studio 2012\Projects\GDX\GDX\Debug\texture.obj
C:\Users\batman_2\documents\visual studio 2012\Projects\GDX\GDX\Debug\timing.obj
C:\Users\batman_2\documents\visual studio 2012\Projects\GDX\GDX\Debug\transform.obj
C:\Users\batman_2\documents\visual studio 2012\Projects\GDX\GDX\Debug\cl.command.1.tlog
C:\Users\batman_2\documents\visual studio 2012\Projects\GDX\GDX\Debug\CL.read.1.tlog
C:\Users\batman_2\documents\visual studio 2012\Projects\GDX\GDX\Debug\CL.write.1.tlog
C:\Users\batman_2\documents\visual studio 2012\Projects\GDX\GDX\Debug\link-cvtres.read.1.tlog
C:\Users\batman_2\documents\visual studio 2012\Projects\GDX\GDX\Debug\link-cvtres.write.1.tlog
C:\Users\batman_2\documents\visual studio 2012\Projects\GDX\GDX\Debug\link-rc.read.1.tlog
C:\Users\batman_2\documents\visual studio 2012\Projects\GDX\GDX\Debug\link-rc.write.1.tlog
C:\Users\batman_2\documents\visual studio 2012\Projects\GDX\GDX\Debug\link.1144-cvtres.read.1.tlog
C:\Users\batman_2\documents\visual studio 2012\Projects\GDX\GDX\Debug\link.1144-cvtres.write.1.tlog
C:\Users\batman_2\documents\visual studio 2012\Projects\GDX\GDX\Debug\link.1144-rc.read.1.tlog
C:\Users\batman_2\documents\visual studio 2012\Projects\GDX\GDX\Debug\link.1144-rc.write.1.tlog
C:\Users\batman_2\documents\visual studio 2012\Projects\GDX\GDX\Debug\link.1144.read.1.tlog
C:\Users\batman_2\documents\visual studio 2012\Projects\GDX\GDX\Debug\link.1144.write.1.tlog
C:\Users\batman_2\documents\visual studio 2012\Projects\GDX\GDX\Debug\link.1468-cvtres.read.1.tlog
C:\Users\batman_2\documents\visual studio 2012\Projects\GDX\GDX\Debug\link.1468-cvtres.write.1.tlog
C:\Users\batman_2\documents\visual studio 2012\Projects\GDX\GDX\Debug\link.1468-rc.read.1.tlog
C:\Users\batman_2\documents\visual studio 2012\Projects\GDX\GDX\Debug\link.1468-rc.write.1.tlog
C:\Users\batman_2\documents\visual studio 2012\Projects\GDX\GDX\Debug\link.1468.read.1.tlog
C:\Users\batman_2\documents\visual studio 2012\Projects\GDX\GDX\Debug\link.1468.write.1.tlog
C:\Users\batman_2\documents\visual studio 2012\Projects\GDX\GDX\Debug\link.1524-cvtres.read.1.tlog
C:\Users\batman_2\documents\visual studio 2012\Projects\GDX\GDX\Debug\link.1524-cvtres.write.1.tlog
C:\Users\batman_2\documents\visual studio 2012\Projects\GDX\GDX\Debug\link.1524-rc.read.1.tlog
C:\Users\batman_2\documents\visual studio 2012\Projects\GDX\GDX\Debug\link.1524-rc.write.1.tlog
C:\Users\batman_2\documents\visual studio 2012\Projects\GDX\GDX\Debug\link.1524.read.1.tlog
C:\Users\batman_2\documents\visual studio 2012\Projects\GDX\GDX\Debug\link.1524.write.1.tlog
C:\Users\batman_2\documents\visual studio 2012\Projects\GDX\GDX\Debug\link.1564-cvtres.read.1.tlog
C:\Users\batman_2\documents\visual studio 2012\Projects\GDX\GDX\Debug\link.1564-cvtres.write.1.tlog
C:\Users\batman_2\documents\visual studio 2012\Projects\GDX\GDX\Debug\link.1564-rc.read.1.tlog
C:\Users\batman_2\documents\visual studio 2012\Projects\GDX\GDX\Debug\link.1564-rc.write.1.tlog
C:\Users\batman_2\documents\visual studio 2012\Projects\GDX\GDX\Debug\link.1564.read.1.tlog
C:\Users\batman_2\documents\visual studio 2012\Projects\GDX\GDX\Debug\link.1564.write.1.tlog
C:\Users\batman_2\documents\visual studio 2012\Projects\GDX\GDX\Debug\link.1800-cvtres.read.1.tlog
C:\Users\batman_2\documents\visual studio 2012\Projects\GDX\GDX\Debug\link.1800-cvtres.write.1.tlog
C:\Users\batman_2\documents\visual studio 2012\Projects\GDX\GDX\Debug\link.1800-rc.read.1.tlog
C:\Users\batman_2\documents\visual studio 2012\Projects\GDX\GDX\Debug\link.1800-rc.write.1.tlog
C:\Users\batman_2\documents\visual studio 2012\Projects\GDX\GDX\Debug\link.1800.read.1.tlog
C:\Users\batman_2\documents\visual studio 2012\Projects\GDX\GDX\Debug\link.1800.write.1.tlog
C:\Users\batman_2\documents\visual studio 2012\Projects\GDX\GDX\Debug\link.2124-cvtres.read.1.tlog
C:\Users\batman_2\documents\visual studio 2012\Projects\GDX\GDX\Debug\link.2124-cvtres.write.1.tlog
C:\Users\batman_2\documents\visual studio 2012\Projects\GDX\GDX\Debug\link.2124-rc.read.1.tlog
C:\Users\batman_2\documents\visual studio 2012\Projects\GDX\GDX\Debug\link.2124-rc.write.1.tlog
C:\Users\batman_2\documents\visual studio 2012\Projects\GDX\GDX\Debug\link.2124.read.1.tlog
C:\Users\batman_2\documents\visual studio 2012\Projects\GDX\GDX\Debug\link.2124.write.1.tlog
C:\Users\batman_2\documents\visual studio 2012\Projects\GDX\GDX\Debug\link.2404-cvtres.read.1.tlog
C:\Users\batman_2\documents\visual studio 2012\Projects\GDX\GDX\Debug\link.2404-cvtres.write.1.tlog
C:\Users\batman_2\documents\visual studio 2012\Projects\GDX\GDX\Debug\link.2404-rc.read.1.tlog
C:\Users\batman_2\documents\visual studio 2012\Projects\GDX\GDX\Debug\link.2404-rc.write.1.tlog
C:\Users\batman_2\documents\visual studio 2012\Projects\GDX\GDX\Debug\link.2404.read.1.tlog
C:\Users\batman_2\documents\visual studio 2012\Projects\GDX\GDX\Debug\link.2404.write.1.tlog
C:\Users\batman_2\documents\visual studio 2012\Projects\GDX\GDX\Debug\link.2672-cvtres.read.1.tlog
C:\Users\batman_2\documents\visual studio 2012\Projects\GDX\GDX\Debug\link.2672-cvtres.write.1.tlog
C:\Users\batman_2\documents\visual studio 2012\Projects\GDX\GDX\Debug\link.2672-rc.read.1.tlog
C:\Users\batman_2\documents\visual studio 2012\Projects\GDX\GDX\Debug\link.2672-rc.write.1.tlog
C:\Users\batman_2\documents\visual studio 2012\Projects\GDX\GDX\Debug\link.2672.read.1.tlog
C:\Users\batman_2\documents\visual studio 2012\Projects\GDX\GDX\Debug\link.2672.write.1.tlog
C:\Users\batman_2\documents\visual studio 2012\Projects\GDX\GDX\Debug\link.2688-cvtres.read.1.tlog
C:\Users\batman_2\documents\visual studio 2012\Projects\GDX\GDX\Debug\link.2688-cvtres.write.1.tlog
C:\Users\batman_2\documents\visual studio 2012\Projects\GDX\GDX\Debug\link.2688-rc.read.1.tlog
C:\Users\batman_2\documents\visual studio 2012\Projects\GDX\GDX\Debug\link.2688-rc.write.1.tlog
C:\Users\batman_2\documents\visual studio 2012\Projects\GDX\GDX\Debug\link.2688.read.1.tlog
C:\Users\batman_2\documents\visual studio 2012\Projects\GDX\GDX\Debug\link.2688.write.1.tlog
C:\Users\batman_2\documents\visual studio 2012\Projects\GDX\GDX\Debug\link.2732-cvtres.read.1.tlog
C:\Users\batman_2\documents\visual studio 2012\Projects\GDX\GDX\Debug\link.2732-cvtres.write.1.tlog
C:\Users\batman_2\documents\visual studio 2012\Projects\GDX\GDX\Debug\link.2732-rc.read.1.tlog
C:\Users\batman_2\documents\visual studio 2012\Projects\GDX\GDX\Debug\link.2732-rc.write.1.tlog
C:\Users\batman_2\documents\visual studio 2012\Projects\GDX\GDX\Debug\link.2732.read.1.tlog
C:\Users\batman_2\documents\visual studio 2012\Projects\GDX\GDX\Debug\link.2732.write.1.tlog
C:\Users\batman_2\documents\visual studio 2012\Projects\GDX\GDX\Debug\link.3004-cvtres.read.1.tlog
C:\Users\batman_2\documents\visual studio 2012\Projects\GDX\GDX\Debug\link.3004-cvtres.write.1.tlog
C:\Users\batman_2\documents\visual studio 2012\Projects\GDX\GDX\Debug\link.3004-rc.read.1.tlog
C:\Users\batman_2\documents\visual studio 2012\Projects\GDX\GDX\Debug\link.3004-rc.write.1.tlog
C:\Users\batman_2\documents\visual studio 2012\Projects\GDX\GDX\Debug\link.3004.read.1.tlog
C:\Users\batman_2\documents\visual studio 2012\Projects\GDX\GDX\Debug\link.3004.write.1.tlog
C:\Users\batman_2\documents\visual studio 2012\Projects\GDX\GDX\Debug\link.3248-cvtres.read.1.tlog
C:\Users\batman_2\documents\visual studio 2012\Projects\GDX\GDX\Debug\link.3248-cvtres.write.1.tlog
C:\Users\batman_2\documents\visual studio 2012\Projects\GDX\GDX\Debug\link.3248-rc.read.1.tlog
C:\Users\batman_2\documents\visual studio 2012\Projects\GDX\GDX\Debug\link.3248-rc.write.1.tlog
C:\Users\batman_2\documents\visual studio 2012\Projects\GDX\GDX\Debug\link.3248.read.1.tlog
C:\Users\batman_2\documents\visual studio 2012\Projects\GDX\GDX\Debug\link.3248.write.1.tlog
C:\Users\batman_2\documents\visual studio 2012\Projects\GDX\GDX\Debug\link.3368-cvtres.read.1.tlog
C:\Users\batman_2\documents\visual studio 2012\Projects\GDX\GDX\Debug\link.3368-cvtres.write.1.tlog
C:\Users\batman_2\documents\visual studio 2012\Projects\GDX\GDX\Debug\link.3368-rc.read.1.tlog
C:\Users\batman_2\documents\visual studio 2012\Projects\GDX\GDX\Debug\link.3368-rc.write.1.tlog
C:\Users\batman_2\documents\visual studio 2012\Projects\GDX\GDX\Debug\link.3368.read.1.tlog
C:\Users\batman_2\documents\visual studio 2012\Projects\GDX\GDX\Debug\link.3368.write.1.tlog
C:\Users\batman_2\documents\visual studio 2012\Projects\GDX\GDX\Debug\link.3636-cvtres.read.1.tlog
C:\Users\batman_2\documents\visual studio 2012\Projects\GDX\GDX\Debug\link.3636-cvtres.write.1.tlog
C:\Users\batman_2\documents\visual studio 2012\Projects\GDX\GDX\Debug\link.3636-rc.read.1.tlog
C:\Users\batman_2\documents\visual studio 2012\Projects\GDX\GDX\Debug\link.3636-rc.write.1.tlog
C:\Users\batman_2\documents\visual studio 2012\Projects\GDX\GDX\Debug\link.3636.read.1.tlog
C:\Users\batman_2\documents\visual studio 2012\Projects\GDX\GDX\Debug\link.3636.write.1.tlog
C:\Users\batman_2\documents\visual studio 2012\Projects\GDX\GDX\Debug\link.3804-cvtres.read.1.tlog
C:\Users\batman_2\documents\visual studio 2012\Projects\GDX\GDX\Debug\link.3804-cvtres.write.1.tlog
C:\Users\batman_2\documents\visual studio 2012\Projects\GDX\GDX\Debug\link.3804-rc.read.1.tlog
C:\Users\batman_2\documents\visual studio 2012\Projects\GDX\GDX\Debug\link.3804-rc.write.1.tlog
C:\Users\batman_2\documents\visual studio 2012\Projects\GDX\GDX\Debug\link.3804.read.1.tlog
C:\Users\batman_2\documents\visual studio 2012\Projects\GDX\GDX\Debug\link.3804.write.1.tlog
C:\Users\batman_2\documents\visual studio 2012\Projects\GDX\GDX\Debug\link.3892-cvtres.read.1.tlog
C:\Users\batman_2\documents\visual studio 2012\Projects\GDX\GDX\Debug\link.3892-cvtres.write.1.tlog
C:\Users\batman_2\documents\visual studio 2012\Projects\GDX\GDX\Debug\link.3892-rc.read.1.tlog
C:\Users\batman_2\documents\visual studio 2012\Projects\GDX\GDX\Debug\link.3892-rc.write.1.tlog
C:\Users\batman_2\documents\visual studio 2012\Projects\GDX\GDX\Debug\link.3892.read.1.tlog
C:\Users\batman_2\documents\visual studio 2012\Projects\GDX\GDX\Debug\link.3892.write.1.tlog
C:\Users\batman_2\documents\visual studio 2012\Projects\GDX\GDX\Debug\link.3896-cvtres.read.1.tlog
C:\Users\batman_2\documents\visual studio 2012\Projects\GDX\GDX\Debug\link.3896-cvtres.write.1.tlog
C:\Users\batman_2\documents\visual studio 2012\Projects\GDX\GDX\Debug\link.3896-rc.read.1.tlog
C:\Users\batman_2\documents\visual studio 2012\Projects\GDX\GDX\Debug\link.3896-rc.write.1.tlog
C:\Users\batman_2\documents\visual studio 2012\Projects\GDX\GDX\Debug\link.3896.read.1.tlog
C:\Users\batman_2\documents\visual studio 2012\Projects\GDX\GDX\Debug\link.3896.write.1.tlog
C:\Users\batman_2\documents\visual studio 2012\Projects\GDX\GDX\Debug\link.3980-cvtres.read.1.tlog
C:\Users\batman_2\documents\visual studio 2012\Projects\GDX\GDX\Debug\link.3980-cvtres.write.1.tlog
C:\Users\batman_2\documents\visual studio 2012\Projects\GDX\GDX\Debug\link.3980-rc.read.1.tlog
C:\Users\batman_2\documents\visual studio 2012\Projects\GDX\GDX\Debug\link.3980-rc.write.1.tlog
C:\Users\batman_2\documents\visual studio 2012\Projects\GDX\GDX\Debug\link.3980.read.1.tlog
C:\Users\batman_2\documents\visual studio 2012\Projects\GDX\GDX\Debug\link.3980.write.1.tlog
C:\Users\batman_2\documents\visual studio 2012\Projects\GDX\GDX\Debug\link.3984-cvtres.read.1.tlog
C:\Users\batman_2\documents\visual studio 2012\Projects\GDX\GDX\Debug\link.3984-cvtres.write.1.tlog
C:\Users\batman_2\documents\visual studio 2012\Projects\GDX\GDX\Debug\link.3984-rc.read.1.tlog
C:\Users\batman_2\documents\visual studio 2012\Projects\GDX\GDX\Debug\link.3984-rc.write.1.tlog
C:\Users\batman_2\documents\visual studio 2012\Projects\GDX\GDX\Debug\link.3984.read.1.tlog
C:\Users\batman_2\documents\visual studio 2012\Projects\GDX\GDX\Debug\link.3984.write.1.tlog
C:\Users\batman_2\documents\visual studio 2012\Projects\GDX\GDX\Debug\link.4220-cvtres.read.1.tlog
C:\Users\batman_2\documents\visual studio 2012\Projects\GDX\GDX\Debug\link.4220-cvtres.write.1.tlog
C:\Users\batman_2\documents\visual studio 2012\Projects\GDX\GDX\Debug\link.4220-rc.read.1.tlog
C:\Users\batman_2\documents\visual studio 2012\Projects\GDX\GDX\Debug\link.4220-rc.write.1.tlog
C:\Users\batman_2\documents\visual studio 2012\Projects\GDX\GDX\Debug\link.4220.read.1.tlog
C:\Users\batman_2\documents\visual studio 2012\Projects\GDX\GDX\Debug\link.4220.write.1.tlog
C:\Users\batman_2\documents\visual studio 2012\Projects\GDX\GDX\Debug\link.4236-cvtres.read.1.tlog
C:\Users\batman_2\documents\visual studio 2012\Projects\GDX\GDX\Debug\link.4236-cvtres.write.1.tlog
C:\Users\batman_2\documents\visual studio 2012\Projects\GDX\GDX\Debug\link.4236-rc.read.1.tlog
C:\Users\batman_2\documents\visual studio 2012\Projects\GDX\GDX\Debug\link.4236-rc.write.1.tlog
C:\Users\batman_2\documents\visual studio 2012\Projects\GDX\GDX\Debug\link.4236.read.1.tlog
C:\Users\batman_2\documents\visual studio 2012\Projects\GDX\GDX\Debug\link.4236.write.1.tlog
C:\Users\batman_2\documents\visual studio 2012\Projects\GDX\GDX\Debug\link.4448-cvtres.read.1.tlog
C:\Users\batman_2\documents\visual studio 2012\Projects\GDX\GDX\Debug\link.4448-cvtres.write.1.tlog
C:\Users\batman_2\documents\visual studio 2012\Projects\GDX\GDX\Debug\link.4448-rc.read.1.tlog
C:\Users\batman_2\documents\visual studio 2012\Projects\GDX\GDX\Debug\link.4448-rc.write.1.tlog
C:\Users\batman_2\documents\visual studio 2012\Projects\GDX\GDX\Debug\link.4448.read.1.tlog
C:\Users\batman_2\documents\visual studio 2012\Projects\GDX\GDX\Debug\link.4448.write.1.tlog
C:\Users\batman_2\documents\visual studio 2012\Projects\GDX\GDX\Debug\link.4592-cvtres.read.1.tlog
C:\Users\batman_2\documents\visual studio 2012\Projects\GDX\GDX\Debug\link.4592-cvtres.write.1.tlog
C:\Users\batman_2\documents\visual studio 2012\Projects\GDX\GDX\Debug\link.4592-rc.read.1.tlog
C:\Users\batman_2\documents\visual studio 2012\Projects\GDX\GDX\Debug\link.4592-rc.write.1.tlog
C:\Users\batman_2\documents\visual studio 2012\Projects\GDX\GDX\Debug\link.4592.read.1.tlog
C:\Users\batman_2\documents\visual studio 2012\Projects\GDX\GDX\Debug\link.4592.write.1.tlog
C:\Users\batman_2\documents\visual studio 2012\Projects\GDX\GDX\Debug\link.648-cvtres.read.1.tlog
C:\Users\batman_2\documents\visual studio 2012\Projects\GDX\GDX\Debug\link.648-cvtres.write.1.tlog
C:\Users\batman_2\documents\visual studio 2012\Projects\GDX\GDX\Debug\link.648-rc.read.1.tlog
C:\Users\batman_2\documents\visual studio 2012\Projects\GDX\GDX\Debug\link.648-rc.write.1.tlog
C:\Users\batman_2\documents\visual studio 2012\Projects\GDX\GDX\Debug\link.648.read.1.tlog
C:\Users\batman_2\documents\visual studio 2012\Projects\GDX\GDX\Debug\link.648.write.1.tlog
C:\Users\batman_2\documents\visual studio 2012\Projects\GDX\GDX\Debug\link.956-cvtres.read.1.tlog
C:\Users\batman_2\documents\visual studio 2012\Projects\GDX\GDX\Debug\link.956-cvtres.write.1.tlog
C:\Users\batman_2\documents\visual studio 2012\Projects\GDX\GDX\Debug\link.956-rc.read.1.tlog
C:\Users\batman_2\documents\visual studio 2012\Projects\GDX\GDX\Debug\link.956-rc.write.1.tlog
C:\Users\batman_2\documents\visual studio 2012\Projects\GDX\GDX\Debug\link.956.read.1.tlog
C:\Users\batman_2\documents\visual studio 2012\Projects\GDX\GDX\Debug\link.956.write.1.tlog
C:\Users\batman_2\documents\visual studio 2012\Projects\GDX\GDX\Debug\link.972-cvtres.read.1.tlog
C:\Users\batman_2\documents\visual studio 2012\Projects\GDX\GDX\Debug\link.972-cvtres.write.1.tlog
C:\Users\batman_2\documents\visual studio 2012\Projects\GDX\GDX\Debug\link.972-rc.read.1.tlog
C:\Users\batman_2\documents\visual studio 2012\Projects\GDX\GDX\Debug\link.972-rc.write.1.tlog
C:\Users\batman_2\documents\visual studio 2012\Projects\GDX\GDX\Debug\link.972.read.1.tlog
C:\Users\batman_2\documents\visual studio 2012\Projects\GDX\GDX\Debug\link.972.write.1.tlog
C:\Users\batman_2\documents\visual studio 2012\Projects\GDX\GDX\Debug\link.command.1.tlog
C:\Users\batman_2\documents\visual studio 2012\Projects\GDX\GDX\Debug\link.read.1.tlog
C:\Users\batman_2\documents\visual studio 2012\Projects\GDX\GDX\Debug\link.write.1.tlog
C:\Users\batman_2\documents\visual studio 2012\Projects\GDX\GDX\Debug\vc110.idb
C:\Users\batman_2\documents\visual studio 2012\Projects\GDX\GDX\Debug\vc110.pdb
C:\Users\batman_2\documents\visual studio 2012\Projects\GDX\Debug\GDX.pdb
C:\Users\batman_2\documents\visual studio 2012\Projects\GDX\Debug\GDX.exe
C:\Users\batman_2\documents\visual studio 2012\Projects\GDX\Debug\GDX.ilk
